2025-06-23 10:30:01,190 - tg_bot - INFO - ==================================================
2025-06-23 10:30:01,190 - tg_bot - INFO - Telegram 交易机器人启动
2025-06-23 10:30:01,291 - tg_bot - INFO - 启动时间: 2025-06-23 10:30:01
2025-06-23 10:30:01,291 - tg_bot - INFO - ==================================================
2025-06-23 10:30:01,291 - tg_bot - INFO - 开始加载配置文件...
2025-06-23 10:30:01,291 - tg_bot - INFO - 正在加载 Telegram 配置文件...
2025-06-23 10:30:01,291 - tg_bot - INFO - Telegram 配置文件加载成功
2025-06-23 10:30:01,291 - tg_bot - INFO - 开始加载 OKX 配置文件...
2025-06-23 10:30:01,292 - tg_bot - INFO - 正在加载 OKX 配置文件...
2025-06-23 10:30:01,292 - tg_bot - INFO - OKX 配置文件加载成功
2025-06-23 10:30:01,292 - tg_bot - INFO - 账号: Account1-PROD, 杠杆倍数: 5
2025-06-23 10:30:01,292 - tg_bot - INFO - 账号: Account2-QA, 杠杆倍数: 10
2025-06-23 10:30:01,292 - tg_bot - INFO - 正在为账号 Account1-PROD 设置杠杆倍数...
2025-06-23 10:30:01,522 - tg_bot - INFO - 设置 ETH-USDT-SWAP 的杠杆倍数为 5...
2025-06-23 10:30:02,052 - tg_bot - DEBUG - 设置杠杆结果: {'code': '0', 'data': [{'instId': 'ETH-USDT-SWAP', 'lever': '5', 'mgnMode': 'cross', 'posSide': ''}], 'msg': ''}
2025-06-23 10:30:02,053 - tg_bot - INFO - 设置 BTC-USDT-SWAP 的杠杆倍数为 5...
2025-06-23 10:30:02,230 - tg_bot - DEBUG - 设置杠杆结果: {'code': '0', 'data': [{'instId': 'BTC-USDT-SWAP', 'lever': '5', 'mgnMode': 'cross', 'posSide': ''}], 'msg': ''}
2025-06-23 10:30:02,232 - tg_bot - INFO - 正在为账号 Account2-QA 设置杠杆倍数...
2025-06-23 10:30:02,358 - tg_bot - INFO - 设置 ETH-USDT-SWAP 的杠杆倍数为 10...
2025-06-23 10:30:02,960 - tg_bot - DEBUG - 设置杠杆结果: {'code': '0', 'data': [{'instId': 'ETH-USDT-SWAP', 'lever': '10', 'mgnMode': 'cross', 'posSide': ''}], 'msg': ''}
2025-06-23 10:30:02,960 - tg_bot - INFO - 设置 BTC-USDT-SWAP 的杠杆倍数为 10...
2025-06-23 10:30:03,169 - tg_bot - DEBUG - 设置杠杆结果: {'code': '0', 'data': [{'instId': 'BTC-USDT-SWAP', 'lever': '10', 'mgnMode': 'cross', 'posSide': ''}], 'msg': ''}
2025-06-23 10:30:03,171 - tg_bot - INFO - 开始加载监听群组...
2025-06-23 10:30:03,171 - tg_bot - INFO - 正在加载监听群组列表...
2025-06-23 10:30:03,172 - tg_bot - INFO - 已加载 2 个监听群组
2025-06-23 10:30:03,172 - tg_bot - INFO - 监听群组 IDs: [-1001638841860, -4831222036]
2025-06-23 10:30:03,172 - tg_bot - INFO - 代理配置已加载: 127.0.0.1:12334
2025-06-23 10:30:03,172 - tg_bot - INFO - 开始创建 Telegram 客户端...
2025-06-23 10:30:05,028 - tg_bot - INFO - Telegram 客户端创建成功，开始监听消息...
2025-06-23 10:30:05,028 - tg_bot - INFO - 开始监听群组: [-1001638841860, -4831222036]
2025-06-23 10:30:36,092 - tg_bot - INFO - ==================================================
2025-06-23 10:30:36,092 - tg_bot - INFO - Telegram 交易机器人停止运行
2025-06-23 10:30:36,092 - tg_bot - INFO - 停止时间: 2025-06-23 10:30:36
2025-06-23 10:30:36,092 - tg_bot - INFO - ==================================================
2025-06-23 10:30:37,351 - tg_bot - INFO - ==================================================
2025-06-23 10:30:37,351 - tg_bot - INFO - Telegram 交易机器人启动
2025-06-23 10:30:37,394 - tg_bot - INFO - 启动时间: 2025-06-23 10:30:37
2025-06-23 10:30:37,394 - tg_bot - INFO - ==================================================
2025-06-23 10:30:37,394 - tg_bot - INFO - 开始加载配置文件...
2025-06-23 10:30:37,394 - tg_bot - INFO - 正在加载 Telegram 配置文件...
2025-06-23 10:30:37,394 - tg_bot - INFO - Telegram 配置文件加载成功
2025-06-23 10:30:37,394 - tg_bot - INFO - 开始加载 OKX 配置文件...
2025-06-23 10:30:37,395 - tg_bot - INFO - 正在加载 OKX 配置文件...
2025-06-23 10:30:37,395 - tg_bot - INFO - OKX 配置文件加载成功
2025-06-23 10:30:37,395 - tg_bot - INFO - 账号: Account2-QA, 杠杆倍数: 10
2025-06-23 10:30:37,395 - tg_bot - INFO - 正在为账号 Account2-QA 设置杠杆倍数...
2025-06-23 10:30:37,647 - tg_bot - INFO - 设置 ETH-USDT-SWAP 的杠杆倍数为 10...
2025-06-23 10:30:38,230 - tg_bot - DEBUG - 设置杠杆结果: {'code': '0', 'data': [{'instId': 'ETH-USDT-SWAP', 'lever': '10', 'mgnMode': 'cross', 'posSide': ''}], 'msg': ''}
2025-06-23 10:30:38,230 - tg_bot - INFO - 设置 BTC-USDT-SWAP 的杠杆倍数为 10...
2025-06-23 10:30:38,418 - tg_bot - DEBUG - 设置杠杆结果: {'code': '0', 'data': [{'instId': 'BTC-USDT-SWAP', 'lever': '10', 'mgnMode': 'cross', 'posSide': ''}], 'msg': ''}
2025-06-23 10:30:38,420 - tg_bot - INFO - 开始加载监听群组...
2025-06-23 10:30:38,420 - tg_bot - INFO - 正在加载监听群组列表...
2025-06-23 10:30:38,420 - tg_bot - INFO - 已加载 2 个监听群组
2025-06-23 10:30:38,421 - tg_bot - INFO - 监听群组 IDs: [-1001638841860, -4831222036]
2025-06-23 10:30:38,421 - tg_bot - INFO - 代理配置已加载: 127.0.0.1:12334
2025-06-23 10:30:38,421 - tg_bot - INFO - 开始创建 Telegram 客户端...
2025-06-23 10:30:40,398 - tg_bot - INFO - Telegram 客户端创建成功，开始监听消息...
2025-06-23 10:30:40,399 - tg_bot - INFO - 开始监听群组: [-1001638841860, -4831222036]
2025-06-23 10:32:01,318 - tg_bot - INFO - ==================================================
2025-06-23 10:32:01,318 - tg_bot - INFO - Telegram 交易机器人停止运行
2025-06-23 10:32:01,318 - tg_bot - INFO - 停止时间: 2025-06-23 10:32:01
2025-06-23 10:32:01,318 - tg_bot - INFO - ==================================================
2025-06-23 10:32:02,640 - tg_bot - INFO - ==================================================
2025-06-23 10:32:02,640 - tg_bot - INFO - Telegram 交易机器人启动
2025-06-23 10:32:02,685 - tg_bot - INFO - 启动时间: 2025-06-23 10:32:02
2025-06-23 10:32:02,686 - tg_bot - INFO - ==================================================
2025-06-23 10:32:02,686 - tg_bot - INFO - 开始加载配置文件...
2025-06-23 10:32:02,686 - tg_bot - INFO - 正在加载 Telegram 配置文件...
2025-06-23 10:32:02,686 - tg_bot - INFO - Telegram 配置文件加载成功
2025-06-23 10:32:02,686 - tg_bot - INFO - 开始加载 OKX 配置文件...
2025-06-23 10:32:02,686 - tg_bot - INFO - 正在加载 OKX 配置文件...
2025-06-23 10:32:02,687 - tg_bot - INFO - OKX 配置文件加载成功
2025-06-23 10:32:02,687 - tg_bot - INFO - 账号: Account2-QA, 杠杆倍数: 10
2025-06-23 10:32:02,687 - tg_bot - INFO - 正在为账号 Account2-QA 设置杠杆倍数...
2025-06-23 10:32:02,905 - tg_bot - INFO - 设置 ETH-USDT-SWAP 的杠杆倍数为 10...
2025-06-23 10:32:03,381 - tg_bot - DEBUG - 设置杠杆结果: {'code': '0', 'data': [{'instId': 'ETH-USDT-SWAP', 'lever': '10', 'mgnMode': 'cross', 'posSide': ''}], 'msg': ''}
2025-06-23 10:32:03,381 - tg_bot - INFO - 设置 BTC-USDT-SWAP 的杠杆倍数为 10...
2025-06-23 10:32:03,561 - tg_bot - DEBUG - 设置杠杆结果: {'code': '0', 'data': [{'instId': 'BTC-USDT-SWAP', 'lever': '10', 'mgnMode': 'cross', 'posSide': ''}], 'msg': ''}
2025-06-23 10:32:03,564 - tg_bot - INFO - 开始加载监听群组...
2025-06-23 10:32:03,564 - tg_bot - INFO - 正在加载监听群组列表...
2025-06-23 10:32:03,565 - tg_bot - INFO - 已加载 2 个监听群组
2025-06-23 10:32:03,565 - tg_bot - INFO - 监听群组 IDs: [-1001638841860, -4831222036]
2025-06-23 10:32:03,565 - tg_bot - INFO - 代理配置已加载: 127.0.0.1:12334
2025-06-23 10:32:03,566 - tg_bot - INFO - 开始创建 Telegram 客户端...
2025-06-23 10:32:05,319 - tg_bot - INFO - Telegram 客户端创建成功，开始监听消息...
2025-06-23 10:32:05,319 - tg_bot - INFO - 开始监听群组: [-1001638841860, -4831222036]
2025-06-23 10:33:11,308 - tg_bot - INFO - ==================================================
2025-06-23 10:33:11,308 - tg_bot - INFO - Telegram 交易机器人停止运行
2025-06-23 10:33:11,308 - tg_bot - INFO - 停止时间: 2025-06-23 10:33:11
2025-06-23 10:33:11,308 - tg_bot - INFO - ==================================================
2025-06-23 10:33:12,789 - tg_bot - INFO - ==================================================
2025-06-23 10:33:12,790 - tg_bot - INFO - Telegram 交易机器人启动
2025-06-23 10:33:12,828 - tg_bot - INFO - 启动时间: 2025-06-23 10:33:12
2025-06-23 10:33:12,828 - tg_bot - INFO - ==================================================
2025-06-23 10:33:12,828 - tg_bot - INFO - 开始加载配置文件...
2025-06-23 10:33:12,828 - tg_bot - INFO - 正在加载 Telegram 配置文件...
2025-06-23 10:33:12,829 - tg_bot - INFO - Telegram 配置文件加载成功
2025-06-23 10:33:12,829 - tg_bot - INFO - 开始加载 OKX 配置文件...
2025-06-23 10:33:12,829 - tg_bot - INFO - 正在加载 OKX 配置文件...
2025-06-23 10:33:12,829 - tg_bot - INFO - OKX 配置文件加载成功
2025-06-23 10:33:12,829 - tg_bot - INFO - 账号: Account2-QA, 杠杆倍数: 10
2025-06-23 10:33:12,829 - tg_bot - INFO - 正在为账号 Account2-QA 设置杠杆倍数...
2025-06-23 10:33:13,025 - tg_bot - INFO - 设置 ETH-USDT-SWAP 的杠杆倍数为 10...
2025-06-23 10:33:13,630 - tg_bot - DEBUG - 设置杠杆结果: {'code': '0', 'data': [{'instId': 'ETH-USDT-SWAP', 'lever': '10', 'mgnMode': 'cross', 'posSide': ''}], 'msg': ''}
2025-06-23 10:33:13,630 - tg_bot - INFO - 设置 BTC-USDT-SWAP 的杠杆倍数为 10...
2025-06-23 10:33:13,830 - tg_bot - DEBUG - 设置杠杆结果: {'code': '0', 'data': [{'instId': 'BTC-USDT-SWAP', 'lever': '10', 'mgnMode': 'cross', 'posSide': ''}], 'msg': ''}
2025-06-23 10:33:13,833 - tg_bot - INFO - 开始加载监听群组...
2025-06-23 10:33:13,833 - tg_bot - INFO - 正在加载监听群组列表...
2025-06-23 10:33:13,834 - tg_bot - INFO - 已加载 2 个监听群组
2025-06-23 10:33:13,834 - tg_bot - INFO - 监听群组 IDs: [-1001638841860, -4831222036]
2025-06-23 10:33:13,834 - tg_bot - INFO - 代理配置已加载: 127.0.0.1:12334
2025-06-23 10:33:13,834 - tg_bot - INFO - 开始创建 Telegram 客户端...
2025-06-23 10:33:15,659 - tg_bot - INFO - Telegram 客户端创建成功，开始监听消息...
2025-06-23 10:33:15,659 - tg_bot - INFO - 开始监听群组: [-1001638841860, -4831222036]
2025-06-23 10:33:55,359 - tg_bot - INFO - ==================================================
2025-06-23 10:33:55,360 - tg_bot - INFO - Telegram 交易机器人停止运行
2025-06-23 10:33:55,360 - tg_bot - INFO - 停止时间: 2025-06-23 10:33:55
2025-06-23 10:33:55,360 - tg_bot - INFO - ==================================================
2025-06-23 10:33:56,629 - tg_bot - INFO - ==================================================
2025-06-23 10:33:56,629 - tg_bot - INFO - Telegram 交易机器人启动
2025-06-23 10:33:56,672 - tg_bot - INFO - 启动时间: 2025-06-23 10:33:56
2025-06-23 10:33:56,672 - tg_bot - INFO - ==================================================
2025-06-23 10:33:56,673 - tg_bot - INFO - 开始加载配置文件...
2025-06-23 10:33:56,673 - tg_bot - INFO - 正在加载 Telegram 配置文件...
2025-06-23 10:33:56,673 - tg_bot - INFO - Telegram 配置文件加载成功
2025-06-23 10:33:56,673 - tg_bot - INFO - 开始加载 OKX 配置文件...
2025-06-23 10:33:56,673 - tg_bot - INFO - 正在加载 OKX 配置文件...
2025-06-23 10:33:56,674 - tg_bot - INFO - OKX 配置文件加载成功
2025-06-23 10:33:56,674 - tg_bot - INFO - 账号: Account2-QA, 杠杆倍数: 10
2025-06-23 10:33:56,674 - tg_bot - INFO - 正在为账号 Account2-QA 设置杠杆倍数...
2025-06-23 10:33:56,866 - tg_bot - INFO - 设置 ETH-USDT-SWAP 的杠杆倍数为 10...
2025-06-23 10:33:57,531 - tg_bot - DEBUG - 设置杠杆结果: {'code': '0', 'data': [{'instId': 'ETH-USDT-SWAP', 'lever': '10', 'mgnMode': 'cross', 'posSide': ''}], 'msg': ''}
2025-06-23 10:33:57,531 - tg_bot - INFO - 设置 BTC-USDT-SWAP 的杠杆倍数为 10...
2025-06-23 10:33:57,729 - tg_bot - DEBUG - 设置杠杆结果: {'code': '0', 'data': [{'instId': 'BTC-USDT-SWAP', 'lever': '10', 'mgnMode': 'cross', 'posSide': ''}], 'msg': ''}
2025-06-23 10:33:57,732 - tg_bot - INFO - 开始加载监听群组...
2025-06-23 10:33:57,732 - tg_bot - INFO - 正在加载监听群组列表...
2025-06-23 10:33:57,733 - tg_bot - INFO - 已加载 2 个监听群组
2025-06-23 10:33:57,734 - tg_bot - INFO - 监听群组 IDs: [-1001638841860, -4831222036]
2025-06-23 10:33:57,734 - tg_bot - INFO - 代理配置已加载: 127.0.0.1:12334
2025-06-23 10:33:57,734 - tg_bot - INFO - 开始创建 Telegram 客户端...
2025-06-23 10:33:59,878 - tg_bot - INFO - Telegram 客户端创建成功，开始监听消息...
2025-06-23 10:33:59,878 - tg_bot - INFO - 开始监听群组: [-1001638841860, -4831222036]
2025-06-23 10:34:02,739 - tg_bot - INFO - 收到来自[群组ID:-4831222036]的新消息
2025-06-23 10:34:02,739 - tg_bot - DEBUG - 完整消息内容: ===========================
15分钟短线-BTC
===========================
币coin用户名“BTC2023”实盘："量化策略B"
===========================
策略当前交易对:ETHUSDT.P
==========================
BTC价格:104082.1
===========================
执行交易:做多 0.096028BTC
===========================
固定止损2.7%，固定止盈1%
===========================
微信被风控了几天，有事电报联系我
2025-06-23 10:34:02,969 - tg_bot - INFO - 发送消息到日志记录群组...
2025-06-23 10:34:03,200 - tg_bot - INFO - 消息已发送到日志记录群组
2025-06-23 10:34:03,200 - tg_bot - DEBUG - 正在从消息中提取交易信息: ===========================
15分钟短线-BTC
===========================
币coin用户名“BTC2023”实盘："量化策略B"
=====...
2025-06-23 10:34:03,200 - tg_bot - INFO - 成功提取交易信息 - 动作: 做多, 符号: ETH
2025-06-23 10:34:03,200 - tg_bot - INFO - 发送交易信号到日志记录群组...
2025-06-23 10:34:03,428 - tg_bot - INFO - 交易信号已发送到日志记录群组
2025-06-23 10:34:03,428 - tg_bot - INFO - 发送 Bark 通知...
2025-06-23 10:34:04,509 - tg_bot - INFO - Bark 通知发送成功: 新的交易信号
2025-06-23 10:34:04,510 - tg_bot - INFO - Bark 通知发送成功
2025-06-23 10:34:04,510 - tg_bot - INFO - 处理账号 Account2-QA 的下单...
2025-06-23 10:34:04,510 - tg_bot - INFO - 正在为账号 Account2-QA 准备下单: 做多 ETH...
2025-06-23 10:34:04,717 - tg_bot - INFO - 获取 ETH-USDT-SWAP 的市场价格...
2025-06-23 10:34:05,321 - tg_bot - INFO - 最新市场价格: 2241.72
2025-06-23 10:34:05,321 - tg_bot - INFO - 计算做多止盈止损价格...
2025-06-23 10:34:05,321 - tg_bot - DEBUG - 止盈价: 2264.1372, 止损价: 2181.1936
2025-06-23 10:34:05,321 - tg_bot - DEBUG - 下单参数: {'instId': 'ETH-USDT-SWAP', 'tdMode': 'cross', 'side': 'buy', 'posSide': 'long', 'ordType': 'market', 'sz': '0.2', 'clOrdId': 'TG20250623103405JBZFO8', 'attachAlgoOrds': [{'tpTriggerPx': '2264.1372', 'tpOrdPx': '-1', 'slTriggerPx': '2181.1936', 'slOrdPx': '-1', 'tpTriggerPxType': 'last', 'slTriggerPxType': 'last'}]}
2025-06-23 10:34:05,321 - tg_bot - INFO - 正在执行下单操作...
2025-06-23 10:34:05,750 - tg_bot - DEBUG - 下单结果: {'code': '0', 'data': [{'clOrdId': 'TG20250623103405JBZFO8', 'ordId': '2622065647275741184', 'sCode': '0', 'sMsg': 'Order placed', 'tag': '', 'ts': '1750646045741'}], 'inTime': '1750646045740014', 'msg': '', 'outTime': '1750646045743227'}
2025-06-23 10:34:05,750 - tg_bot - INFO - 下单成功! 订单ID: 2622065647275741184
2025-06-23 10:34:05,755 - tg_bot - INFO - 发送下单结果到日志记录群组...
2025-06-23 10:34:06,008 - tg_bot - INFO - 下单结果已发送到日志记录群组
2025-06-23 10:34:07,569 - tg_bot - INFO - Bark 通知发送成功: 下单结果
2025-06-23 10:34:07,569 - tg_bot - INFO - Bark 下单通知发送成功
2025-06-23 10:35:07,612 - tg_bot - INFO - 收到来自[群组ID:-4831222036]的新消息
2025-06-23 10:35:07,613 - tg_bot - DEBUG - 完整消息内容: 1
2025-06-23 10:35:07,849 - tg_bot - INFO - 发送消息到日志记录群组...
2025-06-23 10:35:08,089 - tg_bot - INFO - 消息已发送到日志记录群组
2025-06-23 10:35:08,089 - tg_bot - DEBUG - 正在从消息中提取交易信息: 1...
2025-06-23 10:35:08,089 - tg_bot - WARNING - 无法从消息中提取交易信息
2025-06-23 10:35:08,089 - tg_bot - INFO - 发送无交易信号通知到日志记录群组...
2025-06-23 10:35:08,326 - tg_bot - INFO - 无交易信号通知已发送
2025-06-23 10:35:44,520 - tg_bot - INFO - 收到来自[群组ID:-4831222036]的新消息
2025-06-23 10:35:44,520 - tg_bot - DEBUG - 完整消息内容: ===========================
15分钟短线-BTC
===========================
币coin用户名“BTC2023”实盘："量化策略B"
===========================
策略当前交易对:ETHUSDT.P
==========================
BTC价格:104082.1
===========================
执行交易:空止盈 0.096028BTC
===========================
固定止损2.7%，固定止盈1%
===========================
微信被风控了几天，有事电报联系我
2025-06-23 10:35:44,749 - tg_bot - INFO - 发送消息到日志记录群组...
2025-06-23 10:35:44,988 - tg_bot - INFO - 消息已发送到日志记录群组
2025-06-23 10:35:44,989 - tg_bot - DEBUG - 正在从消息中提取交易信息: ===========================
15分钟短线-BTC
===========================
币coin用户名“BTC2023”实盘："量化策略B"
=====...
2025-06-23 10:35:44,989 - tg_bot - INFO - 成功提取交易信息 - 动作: 空止盈, 符号: ETH
2025-06-23 10:35:44,989 - tg_bot - INFO - 发送交易信号到日志记录群组...
2025-06-23 10:35:45,239 - tg_bot - INFO - 交易信号已发送到日志记录群组
2025-06-23 10:35:45,239 - tg_bot - INFO - 发送 Bark 通知...
2025-06-23 10:35:46,334 - tg_bot - INFO - Bark 通知发送成功: 新的交易信号
2025-06-23 10:35:46,335 - tg_bot - INFO - Bark 通知发送成功
2025-06-23 10:35:46,335 - tg_bot - INFO - 处理账号 Account2-QA 的下单...
2025-06-23 10:35:46,335 - tg_bot - INFO - 正在为账号 Account2-QA 准备下单: 空止盈 ETH...
2025-06-23 10:35:46,543 - tg_bot - INFO - 获取 ETH-USDT-SWAP 的市场价格...
2025-06-23 10:35:46,960 - tg_bot - INFO - 最新市场价格: 2239.49
2025-06-23 10:35:46,960 - tg_bot - INFO - 计算做空止盈止损价格...
2025-06-23 10:35:46,960 - tg_bot - DEBUG - 止盈价: 2217.0951, 止损价: 2299.9562
2025-06-23 10:35:46,960 - tg_bot - DEBUG - 下单参数: {'instId': 'ETH-USDT-SWAP', 'tdMode': 'cross', 'side': 'sell', 'posSide': 'short', 'ordType': 'market', 'sz': '0.2', 'clOrdId': 'TG20250623103546UAB9FV', 'attachAlgoOrds': [{'tpTriggerPx': '2217.0951', 'tpOrdPx': '-1', 'slTriggerPx': '2299.9562', 'slOrdPx': '-1', 'tpTriggerPxType': 'last', 'slTriggerPxType': 'last'}]}
2025-06-23 10:35:46,960 - tg_bot - INFO - 正在执行下单操作...
2025-06-23 10:35:47,370 - tg_bot - DEBUG - 下单结果: {'code': '0', 'data': [{'clOrdId': 'TG20250623103546UAB9FV', 'ordId': '2622069057848872960', 'sCode': '0', 'sMsg': 'Order placed', 'tag': '', 'ts': '1750646147384'}], 'inTime': '1750646147382698', 'msg': '', 'outTime': '1750646147385683'}
2025-06-23 10:35:47,370 - tg_bot - INFO - 下单成功! 订单ID: 2622069057848872960
2025-06-23 10:35:47,376 - tg_bot - INFO - 发送下单结果到日志记录群组...
2025-06-23 10:35:47,609 - tg_bot - INFO - 下单结果已发送到日志记录群组
2025-06-23 10:35:48,587 - tg_bot - INFO - Bark 通知发送成功: 下单结果
2025-06-23 10:35:48,587 - tg_bot - INFO - Bark 下单通知发送成功
2025-06-23 11:47:41,368 - tg_bot - INFO - ==================================================
2025-06-23 11:47:41,368 - tg_bot - INFO - Telegram 交易机器人停止运行
2025-06-23 11:47:41,369 - tg_bot - INFO - 停止时间: 2025-06-23 11:47:41
2025-06-23 11:47:41,369 - tg_bot - INFO - ==================================================
2025-06-23 11:47:56,650 - tg_bot - INFO - ==================================================
2025-06-23 11:47:56,651 - tg_bot - INFO - Telegram 交易机器人启动
2025-06-23 11:47:56,745 - tg_bot - INFO - 启动时间: 2025-06-23 11:47:56
2025-06-23 11:47:56,745 - tg_bot - INFO - ==================================================
2025-06-23 11:47:56,745 - tg_bot - INFO - 开始加载配置文件...
2025-06-23 11:47:56,745 - tg_bot - INFO - 正在加载 Telegram 配置文件...
2025-06-23 11:47:56,745 - tg_bot - INFO - Telegram 配置文件加载成功
2025-06-23 11:47:56,745 - tg_bot - INFO - 开始加载 OKX 配置文件...
2025-06-23 11:47:56,745 - tg_bot - INFO - 正在加载 OKX 配置文件...
2025-06-23 11:47:56,746 - tg_bot - INFO - OKX 配置文件加载成功
2025-06-23 11:47:56,746 - tg_bot - INFO - 账号: Account2-QA, 杠杆倍数: 10
2025-06-23 11:47:56,746 - tg_bot - INFO - 正在为账号 Account2-QA 设置杠杆倍数...
2025-06-23 11:47:56,982 - tg_bot - INFO - 设置 ETH-USDT-SWAP 的杠杆倍数为 10...
2025-06-23 11:47:57,657 - tg_bot - DEBUG - 设置杠杆结果: {'code': '0', 'data': [{'instId': 'ETH-USDT-SWAP', 'lever': '10', 'mgnMode': 'cross', 'posSide': ''}], 'msg': ''}
2025-06-23 11:47:57,657 - tg_bot - INFO - 设置 BTC-USDT-SWAP 的杠杆倍数为 10...
2025-06-23 11:47:58,025 - tg_bot - DEBUG - 设置杠杆结果: {'code': '0', 'data': [{'instId': 'BTC-USDT-SWAP', 'lever': '10', 'mgnMode': 'cross', 'posSide': ''}], 'msg': ''}
2025-06-23 11:47:58,028 - tg_bot - INFO - 开始加载监听群组...
2025-06-23 11:47:58,028 - tg_bot - INFO - 正在加载监听群组列表...
2025-06-23 11:47:58,029 - tg_bot - INFO - 已加载 2 个监听群组
2025-06-23 11:47:58,029 - tg_bot - INFO - 监听群组 IDs: [-1001638841860, -4831222036]
2025-06-23 11:47:58,029 - tg_bot - INFO - 代理配置已加载: 127.0.0.1:12334
2025-06-23 11:47:58,029 - tg_bot - INFO - 开始创建 Telegram 客户端...
2025-06-23 11:47:59,885 - tg_bot - INFO - Telegram 客户端创建成功，开始监听消息...
2025-06-23 11:47:59,885 - tg_bot - INFO - 开始监听群组: [-1001638841860, -4831222036]
2025-06-23 11:48:12,266 - tg_bot - INFO - 收到来自[群组ID:-4831222036]的新消息
2025-06-23 11:48:12,267 - tg_bot - DEBUG - 完整消息内容: 1
2025-06-23 11:48:12,524 - tg_bot - INFO - 发送消息到日志记录群组...
2025-06-23 11:48:12,755 - tg_bot - INFO - 消息已发送到日志记录群组
2025-06-23 11:48:12,755 - tg_bot - DEBUG - 正在从消息中提取交易信息: 1...
2025-06-23 11:48:12,755 - tg_bot - WARNING - 无法从消息中提取交易信息
2025-06-23 11:48:12,755 - tg_bot - INFO - 发送无交易信号通知到日志记录群组...
2025-06-23 11:48:12,984 - tg_bot - INFO - 无交易信号通知已发送
2025-06-23 11:48:25,635 - tg_bot - INFO - 收到来自[群组ID:-4831222036]的新消息
2025-06-23 11:48:25,636 - tg_bot - DEBUG - 完整消息内容: ===========================
15分钟短线-BTC
===========================
币coin用户名“BTC2023”实盘："量化策略B"
===========================
策略当前交易对:ETHUSDT.P
==========================
BTC价格:104082.1
===========================
执行交易:空止盈 0.096028BTC
===========================
固定止损2.7%，固定止盈1%
===========================
微信被风控了几天，有事电报联系我
2025-06-23 11:48:25,855 - tg_bot - INFO - 发送消息到日志记录群组...
2025-06-23 11:48:26,085 - tg_bot - INFO - 消息已发送到日志记录群组
2025-06-23 11:48:26,085 - tg_bot - DEBUG - 正在从消息中提取交易信息: ===========================
15分钟短线-BTC
===========================
币coin用户名“BTC2023”实盘："量化策略B"
=====...
2025-06-23 11:48:26,085 - tg_bot - INFO - 成功提取交易信息 - 动作: 空止盈, 符号: ETH
2025-06-23 11:48:26,085 - tg_bot - INFO - 发送交易信号到日志记录群组...
2025-06-23 11:48:26,314 - tg_bot - INFO - 交易信号已发送到日志记录群组
2025-06-23 11:48:26,314 - tg_bot - INFO - 发送 Bark 通知...
2025-06-23 11:48:27,492 - tg_bot - INFO - Bark 通知发送成功: 新的交易信号
2025-06-23 11:48:27,493 - tg_bot - INFO - Bark 通知发送成功
2025-06-23 11:48:27,493 - tg_bot - INFO - 处理账号 Account2-QA 的下单...
2025-06-23 11:48:27,493 - tg_bot - INFO - 正在为账号 Account2-QA 准备下单: 空止盈 ETH...
2025-06-23 11:48:27,756 - tg_bot - INFO - 获取 ETH-USDT-SWAP 的市场价格...
2025-06-23 11:48:28,356 - tg_bot - INFO - 最新市场价格: 2234.79
2025-06-23 11:48:28,356 - tg_bot - WARNING - 未支持的交易动作: 空止盈, 忽略...
2025-06-23 11:48:28,593 - tg_bot - ERROR - 账号 Account2-QA 下单失败
2025-06-23 14:16:17,292 - tg_bot - INFO - 收到来自[群组ID:-4831222036]的新消息
2025-06-23 14:16:17,294 - tg_bot - DEBUG - 完整消息内容: 1
2025-06-23 14:16:17,504 - tg_bot - INFO - 发送消息到日志记录群组...
2025-06-23 14:16:17,770 - tg_bot - INFO - 消息已发送到日志记录群组
2025-06-23 14:16:17,770 - tg_bot - DEBUG - 正在从消息中提取交易信息: 1...
2025-06-23 14:16:17,770 - tg_bot - WARNING - 无法从消息中提取交易信息
2025-06-23 14:16:17,770 - tg_bot - INFO - 发送无交易信号通知到日志记录群组...
2025-06-23 14:16:17,982 - tg_bot - INFO - 无交易信号通知已发送
2025-06-23 14:16:34,662 - tg_bot - INFO - 收到来自[群组ID:-4831222036]的新消息
2025-06-23 14:16:34,663 - tg_bot - DEBUG - 完整消息内容: 策略当前交易对:ETHUSDT.P
==========================
BTC价格:104082.1
===========================
执行交易:空止盈 0.096028BTC
2025-06-23 14:16:34,862 - tg_bot - INFO - 发送消息到日志记录群组...
2025-06-23 14:16:35,172 - tg_bot - INFO - 消息已发送到日志记录群组
2025-06-23 14:16:35,172 - tg_bot - DEBUG - 正在从消息中提取交易信息: 策略当前交易对:ETHUSDT.P
==========================
BTC价格:104082.1
===========================
执行交易:空止盈 0.0...
2025-06-23 14:16:35,172 - tg_bot - INFO - 成功提取交易信息 - 动作: 空止盈, 符号: ETH
2025-06-23 14:16:35,172 - tg_bot - INFO - 发送交易信号到日志记录群组...
2025-06-23 14:16:35,461 - tg_bot - INFO - 交易信号已发送到日志记录群组
2025-06-23 14:16:35,462 - tg_bot - INFO - 发送 Bark 通知...
2025-06-23 14:16:36,593 - tg_bot - INFO - Bark 通知发送成功: 新的交易信号
2025-06-23 14:16:36,594 - tg_bot - INFO - Bark 通知发送成功
2025-06-23 14:16:36,594 - tg_bot - INFO - 处理账号 Account2-QA 的下单...
2025-06-23 14:16:36,594 - tg_bot - INFO - 正在为账号 Account2-QA 准备下单: 空止盈 ETH...
2025-06-23 14:16:36,848 - tg_bot - INFO - 获取 ETH-USDT-SWAP 的市场价格...
2025-06-23 14:16:37,434 - tg_bot - INFO - 最新市场价格: 2252.33
2025-06-23 14:16:37,434 - tg_bot - WARNING - 未支持的交易动作: 空止盈, 忽略...
2025-06-23 14:16:37,651 - tg_bot - ERROR - 账号 Account2-QA 下单失败
2025-06-23 14:20:35,678 - tg_bot - INFO - ==================================================
2025-06-23 14:20:35,678 - tg_bot - INFO - Telegram 交易机器人停止运行
2025-06-23 14:20:35,678 - tg_bot - INFO - 停止时间: 2025-06-23 14:20:35
2025-06-23 14:20:35,678 - tg_bot - INFO - ==================================================
2025-06-23 14:29:00,166 - tg_bot - INFO - ==================================================
2025-06-23 14:29:00,167 - tg_bot - INFO - Telegram 交易机器人启动
2025-06-23 14:29:00,266 - tg_bot - INFO - 启动时间: 2025-06-23 14:29:00
2025-06-23 14:29:00,266 - tg_bot - INFO - ==================================================
2025-06-23 14:29:00,266 - tg_bot - INFO - 开始加载配置文件...
2025-06-23 14:29:00,266 - tg_bot - INFO - 正在加载 Telegram 配置文件...
2025-06-23 14:29:00,267 - tg_bot - INFO - Telegram 配置文件加载成功
2025-06-23 14:29:00,267 - tg_bot - INFO - 开始加载 OKX 配置文件...
2025-06-23 14:29:00,267 - tg_bot - INFO - 正在加载 OKX 配置文件...
2025-06-23 14:29:00,268 - tg_bot - INFO - OKX 配置文件加载成功
2025-06-23 14:29:00,268 - tg_bot - INFO - 账号: Account2-QA, 杠杆倍数: 10
2025-06-23 14:29:00,268 - tg_bot - INFO - 正在为账号 Account2-QA 设置杠杆倍数...
2025-06-23 14:29:00,494 - tg_bot - INFO - 设置 ETH-USDT-SWAP 的杠杆倍数为 10...
2025-06-23 14:29:01,168 - tg_bot - DEBUG - 设置杠杆结果: {'code': '0', 'data': [{'instId': 'ETH-USDT-SWAP', 'lever': '10', 'mgnMode': 'cross', 'posSide': ''}], 'msg': ''}
2025-06-23 14:29:01,169 - tg_bot - INFO - 设置 BTC-USDT-SWAP 的杠杆倍数为 10...
2025-06-23 14:29:01,400 - tg_bot - DEBUG - 设置杠杆结果: {'code': '0', 'data': [{'instId': 'BTC-USDT-SWAP', 'lever': '10', 'mgnMode': 'cross', 'posSide': ''}], 'msg': ''}
2025-06-23 14:29:01,402 - tg_bot - INFO - 开始加载监听群组...
2025-06-23 14:29:01,403 - tg_bot - INFO - 正在加载监听群组列表...
2025-06-23 14:29:01,403 - tg_bot - INFO - 已加载 2 个监听群组
2025-06-23 14:29:01,404 - tg_bot - INFO - 监听群组 IDs: [-1001638841860, -4831222036]
2025-06-23 14:29:01,404 - tg_bot - INFO - 代理配置已加载: 127.0.0.1:12334
2025-06-23 14:29:01,404 - tg_bot - INFO - 开始创建 Telegram 客户端...
2025-06-23 14:29:03,339 - tg_bot - INFO - Telegram 客户端创建成功，开始监听消息...
2025-06-23 14:29:03,339 - tg_bot - INFO - 开始监听群组: [-1001638841860, -4831222036]
2025-06-23 14:29:11,179 - tg_bot - INFO - 收到来自[群组ID:-4831222036]的新消息
2025-06-23 14:29:11,180 - tg_bot - DEBUG - 完整消息内容: 2
2025-06-23 14:29:11,419 - tg_bot - INFO - 发送消息到日志记录群组...
2025-06-23 14:29:11,659 - tg_bot - INFO - 消息已发送到日志记录群组
2025-06-23 14:29:11,659 - tg_bot - DEBUG - 正在从消息中提取交易信息: 2...
2025-06-23 14:29:11,659 - tg_bot - WARNING - 无法从消息中提取交易信息
2025-06-23 14:29:11,659 - tg_bot - INFO - 发送无交易信号通知到日志记录群组...
2025-06-23 14:29:11,889 - tg_bot - INFO - 无交易信号通知已发送
2025-06-23 14:29:21,819 - tg_bot - INFO - 收到来自[群组ID:-4831222036]的新消息
2025-06-23 14:29:21,819 - tg_bot - DEBUG - 完整消息内容: ===========================
15分钟短线-BTC
===========================
币coin用户名“BTC2023”实盘："量化策略B"
===========================
策略当前交易对:ETHUSDT.P
==========================
BTC价格:104082.1
===========================
执行交易:空止盈 0.096028BTC
===========================
固定止损2.7%，固定止盈1%
===========================
微信被风控了几天，有事电报联系我
2025-06-23 14:29:22,059 - tg_bot - INFO - 发送消息到日志记录群组...
2025-06-23 14:29:22,298 - tg_bot - INFO - 消息已发送到日志记录群组
2025-06-23 14:29:22,299 - tg_bot - DEBUG - 正在从消息中提取交易信息: ===========================
15分钟短线-BTC
===========================
币coin用户名“BTC2023”实盘："量化策略B"
=====...
2025-06-23 14:29:22,299 - tg_bot - INFO - 成功提取交易信息 - 动作: 空止盈, 符号: ETH
2025-06-23 14:29:22,299 - tg_bot - INFO - 发送交易信号到日志记录群组...
2025-06-23 14:29:22,528 - tg_bot - INFO - 交易信号已发送到日志记录群组
2025-06-23 14:29:22,529 - tg_bot - INFO - 获取 ETH 的最新市场价格...
2025-06-23 14:29:22,664 - tg_bot - INFO - 获取 ETH-USDT-SWAP 的市场价格...
2025-06-23 14:29:23,869 - tg_bot - INFO - 最新市场价格: 2240.8
2025-06-23 14:29:23,872 - tg_bot - INFO - 最新市场价格: 2240.8
2025-06-23 14:29:23,872 - tg_bot - INFO - 发送 Bark 通知...
2025-06-23 14:29:25,506 - tg_bot - INFO - Bark 通知发送成功: 新的交易信号
2025-06-23 14:29:25,506 - tg_bot - INFO - Bark 通知发送成功
2025-06-23 14:29:25,738 - tg_bot - INFO - 无需下单: 不支持的交易动作 '空止盈'
2025-06-23 14:29:43,228 - tg_bot - INFO - 收到来自[群组ID:-4831222036]的新消息
2025-06-23 14:29:43,230 - tg_bot - DEBUG - 完整消息内容: ===========================
15分钟短线-BTC
===========================
币coin用户名“BTC2023”实盘："量化策略B"
===========================
策略当前交易对:ETHUSDT.P
==========================
BTC价格:104082.1
===========================
执行交易:做多 0.096028BTC
===========================
固定止损2.7%，固定止盈1%
===========================
微信被风控了几天，有事电报联系我
2025-06-23 14:29:43,478 - tg_bot - INFO - 发送消息到日志记录群组...
2025-06-23 14:29:43,717 - tg_bot - INFO - 消息已发送到日志记录群组
2025-06-23 14:29:43,717 - tg_bot - DEBUG - 正在从消息中提取交易信息: ===========================
15分钟短线-BTC
===========================
币coin用户名“BTC2023”实盘："量化策略B"
=====...
2025-06-23 14:29:43,718 - tg_bot - INFO - 成功提取交易信息 - 动作: 做多, 符号: ETH
2025-06-23 14:29:43,718 - tg_bot - INFO - 发送交易信号到日志记录群组...
2025-06-23 14:29:43,948 - tg_bot - INFO - 交易信号已发送到日志记录群组
2025-06-23 14:29:43,948 - tg_bot - INFO - 获取 ETH 的最新市场价格...
2025-06-23 14:29:44,067 - tg_bot - INFO - 获取 ETH-USDT-SWAP 的市场价格...
2025-06-23 14:29:44,649 - tg_bot - INFO - 最新市场价格: 2239.46
2025-06-23 14:29:44,652 - tg_bot - INFO - 最新市场价格: 2239.46
2025-06-23 14:29:44,652 - tg_bot - INFO - 发送 Bark 通知...
2025-06-23 14:29:45,882 - tg_bot - INFO - Bark 通知发送成功: 新的交易信号
2025-06-23 14:29:45,882 - tg_bot - INFO - Bark 通知发送成功
2025-06-23 14:29:45,882 - tg_bot - INFO - 处理账号 Account2-QA 的下单...
2025-06-23 14:29:45,882 - tg_bot - INFO - 正在为账号 Account2-QA 准备下单: 做多 ETH...
2025-06-23 14:29:46,131 - tg_bot - INFO - 获取 ETH-USDT-SWAP 的市场价格...
2025-06-23 14:29:46,879 - tg_bot - INFO - 最新市场价格: 2239.76
2025-06-23 14:29:46,879 - tg_bot - INFO - 计算做多止盈止损价格...
2025-06-23 14:29:46,879 - tg_bot - DEBUG - 止盈价: 2262.1576, 止损价: 2179.2865
2025-06-23 14:29:46,879 - tg_bot - DEBUG - 下单参数: {'instId': 'ETH-USDT-SWAP', 'tdMode': 'cross', 'side': 'buy', 'posSide': 'long', 'ordType': 'market', 'sz': '0.2', 'clOrdId': 'TG20250623142946J1SWCY', 'attachAlgoOrds': [{'tpTriggerPx': '2262.1576', 'tpOrdPx': '-1', 'slTriggerPx': '2179.2865', 'slOrdPx': '-1', 'tpTriggerPxType': 'last', 'slTriggerPxType': 'last'}]}
2025-06-23 14:29:46,880 - tg_bot - INFO - 正在执行下单操作...
2025-06-23 14:29:47,478 - tg_bot - DEBUG - 下单结果: {'code': '0', 'data': [{'clOrdId': 'TG20250623142946J1SWCY', 'ordId': '2622540175294595072', 'sCode': '0', 'sMsg': 'Order placed', 'tag': '', 'ts': '1750660187778'}], 'inTime': '1750660187777512', 'msg': '', 'outTime': '1750660187781578'}
2025-06-23 14:29:47,478 - tg_bot - INFO - 下单成功! 订单ID: 2622540175294595072
2025-06-23 14:29:47,482 - tg_bot - INFO - 发送下单结果到日志记录群组...
2025-06-23 14:29:47,727 - tg_bot - INFO - 下单结果已发送到日志记录群组
2025-06-23 14:29:49,047 - tg_bot - INFO - Bark 通知发送成功: 下单结果
2025-06-23 14:29:49,047 - tg_bot - INFO - Bark 下单通知发送成功
2025-06-23 17:59:20,317 - tg_bot - INFO - ==================================================
2025-06-23 17:59:20,322 - tg_bot - INFO - Telegram 交易机器人停止运行
2025-06-23 17:59:20,327 - tg_bot - INFO - 停止时间: 2025-06-23 17:59:20
2025-06-23 17:59:20,327 - tg_bot - INFO - ==================================================
2025-06-23 17:59:21,840 - tg_bot - INFO - ==================================================
2025-06-23 17:59:21,840 - tg_bot - INFO - Telegram 交易机器人启动
2025-06-23 17:59:21,941 - tg_bot - INFO - 启动时间: 2025-06-23 17:59:21
2025-06-23 17:59:21,941 - tg_bot - INFO - ==================================================
2025-06-23 17:59:21,941 - tg_bot - INFO - 开始加载配置文件...
2025-06-23 17:59:21,941 - tg_bot - INFO - 正在加载 Telegram 配置文件...
2025-06-23 17:59:21,942 - tg_bot - INFO - Telegram 配置文件加载成功
2025-06-23 17:59:21,942 - tg_bot - INFO - 开始加载 OKX 配置文件...
2025-06-23 17:59:21,942 - tg_bot - INFO - 正在加载 OKX 配置文件...
2025-06-23 17:59:21,942 - tg_bot - INFO - OKX 配置文件加载成功
2025-06-23 17:59:21,942 - tg_bot - INFO - 账号: Account2-QA, 杠杆倍数: 10
2025-06-23 17:59:21,942 - tg_bot - INFO - 正在为账号 Account2-QA 设置杠杆倍数...
2025-06-23 17:59:22,120 - tg_bot - INFO - 设置 ETH-USDT-SWAP 的杠杆倍数为 10...
2025-06-23 17:59:22,583 - tg_bot - DEBUG - 设置杠杆结果: {'code': '0', 'data': [{'instId': 'ETH-USDT-SWAP', 'lever': '10', 'mgnMode': 'cross', 'posSide': ''}], 'msg': ''}
2025-06-23 17:59:22,583 - tg_bot - INFO - 设置 BTC-USDT-SWAP 的杠杆倍数为 10...
2025-06-23 17:59:22,753 - tg_bot - DEBUG - 设置杠杆结果: {'code': '0', 'data': [{'instId': 'BTC-USDT-SWAP', 'lever': '10', 'mgnMode': 'cross', 'posSide': ''}], 'msg': ''}
2025-06-23 17:59:22,756 - tg_bot - INFO - 开始加载监听群组...
2025-06-23 17:59:22,756 - tg_bot - INFO - 正在加载监听群组列表...
2025-06-23 17:59:22,757 - tg_bot - INFO - 已加载 2 个监听群组
2025-06-23 17:59:22,757 - tg_bot - INFO - 监听群组 IDs: [-1001638841860, -4831222036]
2025-06-23 17:59:22,757 - tg_bot - INFO - 代理配置已加载: 127.0.0.1:12334
2025-06-23 17:59:22,757 - tg_bot - INFO - 开始创建 Telegram 客户端...
2025-06-23 17:59:25,367 - tg_bot - INFO - Telegram 客户端创建成功，开始监听消息...
2025-06-23 17:59:25,368 - tg_bot - INFO - 开始监听群组: [-1001638841860, -4831222036]
2025-06-23 18:01:56,802 - tg_bot - INFO - ==================================================
2025-06-23 18:01:56,802 - tg_bot - INFO - Telegram 交易机器人停止运行
2025-06-23 18:01:56,802 - tg_bot - INFO - 停止时间: 2025-06-23 18:01:56
2025-06-23 18:01:56,803 - tg_bot - INFO - ==================================================
2025-06-23 18:01:57,666 - tg_bot - INFO - ==================================================
2025-06-23 18:01:57,666 - tg_bot - INFO - Telegram 交易机器人启动
2025-06-23 18:01:57,760 - tg_bot - INFO - 启动时间: 2025-06-23 18:01:57
2025-06-23 18:01:57,760 - tg_bot - INFO - ==================================================
2025-06-23 18:01:57,760 - tg_bot - INFO - 开始加载配置文件...
2025-06-23 18:01:57,760 - tg_bot - INFO - 正在加载 Telegram 配置文件...
2025-06-23 18:01:57,760 - tg_bot - INFO - Telegram 配置文件加载成功
2025-06-23 18:01:57,761 - tg_bot - INFO - 开始加载 OKX 配置文件...
2025-06-23 18:01:57,761 - tg_bot - INFO - 正在加载 OKX 配置文件...
2025-06-23 18:01:57,761 - tg_bot - INFO - OKX 配置文件加载成功
2025-06-23 18:01:57,761 - tg_bot - INFO - 账号: Account1-PROD, 杠杆倍数: 10
2025-06-23 18:01:57,761 - tg_bot - INFO - 账号: Account2-QA, 杠杆倍数: 10
2025-06-23 18:01:57,761 - tg_bot - INFO - 正在为账号 Account1-PROD 设置杠杆倍数...
2025-06-23 18:01:57,949 - tg_bot - INFO - 设置 ETH-USDT-SWAP 的杠杆倍数为 10...
2025-06-23 18:01:58,469 - tg_bot - DEBUG - 设置杠杆结果: {'code': '0', 'data': [{'instId': 'ETH-USDT-SWAP', 'lever': '10', 'mgnMode': 'cross', 'posSide': ''}], 'msg': ''}
2025-06-23 18:01:58,469 - tg_bot - INFO - 设置 BTC-USDT-SWAP 的杠杆倍数为 10...
2025-06-23 18:01:58,738 - tg_bot - DEBUG - 设置杠杆结果: {'code': '0', 'data': [{'instId': 'BTC-USDT-SWAP', 'lever': '10', 'mgnMode': 'cross', 'posSide': ''}], 'msg': ''}
2025-06-23 18:01:58,740 - tg_bot - INFO - 正在为账号 Account2-QA 设置杠杆倍数...
2025-06-23 18:01:58,843 - tg_bot - INFO - 设置 ETH-USDT-SWAP 的杠杆倍数为 10...
2025-06-23 18:01:59,648 - tg_bot - DEBUG - 设置杠杆结果: {'code': '0', 'data': [{'instId': 'ETH-USDT-SWAP', 'lever': '10', 'mgnMode': 'cross', 'posSide': ''}], 'msg': ''}
2025-06-23 18:01:59,648 - tg_bot - INFO - 设置 BTC-USDT-SWAP 的杠杆倍数为 10...
2025-06-23 18:01:59,947 - tg_bot - DEBUG - 设置杠杆结果: {'code': '0', 'data': [{'instId': 'BTC-USDT-SWAP', 'lever': '10', 'mgnMode': 'cross', 'posSide': ''}], 'msg': ''}
2025-06-23 18:01:59,950 - tg_bot - INFO - 开始加载监听群组...
2025-06-23 18:01:59,950 - tg_bot - INFO - 正在加载监听群组列表...
2025-06-23 18:01:59,950 - tg_bot - INFO - 已加载 2 个监听群组
2025-06-23 18:01:59,950 - tg_bot - INFO - 监听群组 IDs: [-1001638841860, -4831222036]
2025-06-23 18:01:59,950 - tg_bot - INFO - 代理配置已加载: 127.0.0.1:12334
2025-06-23 18:01:59,950 - tg_bot - INFO - 开始创建 Telegram 客户端...
2025-06-23 18:02:01,568 - tg_bot - INFO - Telegram 客户端创建成功，开始监听消息...
2025-06-23 18:02:01,568 - tg_bot - INFO - 开始监听群组: [-1001638841860, -4831222036]
2025-06-23 18:11:43,427 - tg_bot - INFO - 收到来自[群组ID:-4831222036]的新消息
2025-06-23 18:11:43,428 - tg_bot - DEBUG - 完整消息内容: 2
2025-06-23 18:11:43,678 - tg_bot - INFO - 发送消息到日志记录群组...
2025-06-23 18:11:43,876 - tg_bot - INFO - 消息已发送到日志记录群组
2025-06-23 18:11:43,876 - tg_bot - DEBUG - 正在从消息中提取交易信息: 2...
2025-06-23 18:11:43,876 - tg_bot - WARNING - 无法从消息中提取交易信息
2025-06-23 18:11:43,876 - tg_bot - INFO - 发送无交易信号通知到日志记录群组...
2025-06-23 18:11:44,065 - tg_bot - INFO - 无交易信号通知已发送
2025-06-23 18:22:06,668 - tg_bot - INFO - 收到来自[群组ID:-4831222036]的新消息
2025-06-23 18:22:06,671 - tg_bot - DEBUG - 完整消息内容: yy
2025-06-23 18:22:06,852 - tg_bot - INFO - 发送消息到日志记录群组...
2025-06-23 18:22:07,041 - tg_bot - INFO - 消息已发送到日志记录群组
2025-06-23 18:22:07,041 - tg_bot - DEBUG - 正在从消息中提取交易信息: yy...
2025-06-23 18:22:07,041 - tg_bot - WARNING - 无法从消息中提取交易信息
2025-06-23 18:22:07,042 - tg_bot - INFO - 发送无交易信号通知到日志记录群组...
2025-06-23 18:22:07,271 - tg_bot - INFO - 无交易信号通知已发送
2025-06-23 18:23:22,331 - tg_bot - INFO - 收到来自[群组ID:-4831222036]的新消息
2025-06-23 18:23:22,332 - tg_bot - DEBUG - 完整消息内容: uu
2025-06-23 18:23:22,332 - tg_bot - INFO - 发送消息到日志记录群组...
2025-06-23 18:23:22,519 - tg_bot - INFO - 消息已发送到日志记录群组
2025-06-23 18:23:22,519 - tg_bot - DEBUG - 正在从消息中提取交易信息: uu...
2025-06-23 18:23:22,520 - tg_bot - WARNING - 无法从消息中提取交易信息
2025-06-23 18:23:22,520 - tg_bot - INFO - 发送无交易信号通知到日志记录群组...
2025-06-23 18:23:22,699 - tg_bot - INFO - 无交易信号通知已发送
2025-06-23 22:47:28,983 - tg_bot - INFO - 收到来自[群组ID:-4831222036]的新消息
2025-06-23 22:47:28,986 - tg_bot - DEBUG - 完整消息内容: kk
2025-06-23 22:47:29,564 - tg_bot - INFO - 发送消息到日志记录群组...
2025-06-23 22:47:29,911 - tg_bot - INFO - 消息已发送到日志记录群组
2025-06-23 22:47:29,911 - tg_bot - DEBUG - 正在从消息中提取交易信息: kk...
2025-06-23 22:47:29,911 - tg_bot - WARNING - 无法从消息中提取交易信息
2025-06-23 22:47:29,911 - tg_bot - INFO - 发送无交易信号通知到日志记录群组...
2025-06-23 22:47:30,532 - tg_bot - INFO - 无交易信号通知已发送
2025-06-23 23:53:22,060 - tg_bot - INFO - 收到来自[群组ID:-4831222036]的新消息
2025-06-23 23:53:22,061 - tg_bot - DEBUG - 完整消息内容: 2
2025-06-23 23:53:22,312 - tg_bot - INFO - 发送消息到日志记录群组...
2025-06-23 23:53:22,572 - tg_bot - INFO - 消息已发送到日志记录群组
2025-06-23 23:53:22,572 - tg_bot - DEBUG - 正在从消息中提取交易信息: 2...
2025-06-23 23:53:22,572 - tg_bot - WARNING - 无法从消息中提取交易信息
2025-06-23 23:53:22,572 - tg_bot - INFO - 发送无交易信号通知到日志记录群组...
2025-06-23 23:53:22,801 - tg_bot - INFO - 无交易信号通知已发送
2025-06-24 01:39:07,356 - tg_bot - ERROR - 主函数运行出错: Invalid response buffer (HTTP code 429)
2025-06-24 01:39:07,371 - tg_bot - ERROR - Traceback (most recent call last):
  File "/Users/will/PycharmProjects/pythonProject3/Telegram Project/交易1.2.py", line 463, in main
    client.run_until_disconnected()
  File "/opt/anaconda3/lib/python3.11/site-packages/telethon/client/updates.py", line 96, in run_until_disconnected
    return self.loop.run_until_complete(self._run_until_disconnected())
           ^^^^^^^^^^^^^^^^^^^^^^^^^^^^^^^^^^^^^^^^^^^^^^^^^^^^^^^^^^^^
  File "/opt/anaconda3/lib/python3.11/asyncio/base_events.py", line 653, in run_until_complete
    return future.result()
           ^^^^^^^^^^^^^^^
  File "/opt/anaconda3/lib/python3.11/site-packages/telethon/client/updates.py", line 486, in _keepalive_loop
    await asyncio.wait_for(
  File "/opt/anaconda3/lib/python3.11/asyncio/tasks.py", line 489, in wait_for
    return fut.result()
           ^^^^^^^^^^^^
  File "/opt/anaconda3/lib/python3.11/site-packages/telethon/network/mtprotosender.py", line 507, in _recv_loop
    body = await self._connection.recv()
           ^^^^^^^^^^^^^^^^^^^^^^^^^^^^^
  File "/opt/anaconda3/lib/python3.11/site-packages/telethon/network/connection/connection.py", line 310, in recv
    raise err
  File "/opt/anaconda3/lib/python3.11/site-packages/telethon/network/connection/connection.py", line 341, in _recv_loop
    data = await self._recv()
           ^^^^^^^^^^^^^^^^^^
  File "/opt/anaconda3/lib/python3.11/site-packages/telethon/network/connection/connection.py", line 380, in _recv
    return await self._codec.read_packet(self._reader)
           ^^^^^^^^^^^^^^^^^^^^^^^^^^^^^^^^^^^^^^^^^^^
  File "/opt/anaconda3/lib/python3.11/site-packages/telethon/network/connection/tcpfull.py", line 32, in read_packet
    raise InvalidBufferError(body)
telethon.errors.common.InvalidBufferError: Invalid response buffer (HTTP code 429)

2025-06-24 01:39:07,371 - tg_bot - INFO - ==================================================
2025-06-24 01:39:07,371 - tg_bot - INFO - Telegram 交易机器人停止运行
2025-06-24 01:39:07,372 - tg_bot - INFO - 停止时间: 2025-06-24 01:39:07
2025-06-24 01:39:07,372 - tg_bot - INFO - ==================================================
